Mono path[0] = 'C:/Users/m_eremeev/Desktop/SandBox/SandBox3D_Data/Managed'
Mono config path = 'C:/Users/m_eremeev/Desktop/SandBox/MonoBleedingEdge/etc'
Initialize engine version: 2020.1.12f1 (55b56f0a86e3)
[Subsystems] Discovering subsystems at path C:/Users/m_eremeev/Desktop/SandBox/SandBox3D_Data/UnitySubsystems
GfxDevice: creating device client; threaded=1
Direct3D:
    Version:  Direct3D 11.0 [level 11.0]
    Renderer: NVIDIA GeForce GTX 750 Ti (ID=0x1380)
    Vendor:   
    VRAM:     2007 MB
    Driver:   26.21.14.3200
Begin MonoManager ReloadAssembly
- Completed reload, in  1.389 seconds
D3D11 device created for Microsoft Media Foundation video decoding.
<RI> Initializing input.
XInput1_3.dll not found. Trying XInput9_1_0.dll instead...
<RI> Input initialized.
<RI> Initialized touch support.
UnloadTime: 0.824900 ms
failed to load settings, create default instance
0x00007FFC9F1B530C (UnityPlayer) 
0x00007FFC9F1B8613 (UnityPlayer) 
0x00007FFC9F1A5CED (UnityPlayer) 
0x00007FFC9FAED214 (UnityPlayer) UnityMain
0x00007FFC9F5B089D (UnityPlayer) UnityMain
0x0000025DC54A214E (Mono JIT Code) (wrapper managed-to-native) UnityEngine.DebugLogHandler:Internal_Log (UnityEngine.LogType,UnityEngine.LogOption,string,UnityEngine.Object)
0x0000025DC54A1E0B (Mono JIT Code) UnityEngine.DebugLogHandler:LogFormat (UnityEngine.LogType,UnityEngine.Object,string,object[])
0x0000025DC54A1AD0 (Mono JIT Code) UnityEngine.Logger:Log (UnityEngine.LogType,object)
0x0000025DC54A17FA (Mono JIT Code) UnityEngine.Debug:Log (object)
0x0000025DC54A179B (Mono JIT Code) UnityEngine.MonoBehaviour:print (object)
0x0000025DC549FED3 (Mono JIT Code) Assets.Scripts.SettingsManager:TryLoadSettings ()
0x0000025DC549FD43 (Mono JIT Code) Assets.Scripts.SettingsManager:Awake ()
0x0000025DA50207B0 (Mono JIT Code) (wrapper runtime-invoke) object:runtime_invoke_void__this__ (object,intptr,intptr,intptr)
0x00007FFC9E3DDB10 (mono-2.0-bdwgc) mono_get_runtime_build_info
0x00007FFC9E362902 (mono-2.0-bdwgc) mono_perfcounters_init
0x00007FFC9E36B95F (mono-2.0-bdwgc) mono_runtime_invoke
0x00007FFC9F5557AD (UnityPlayer) UnityMain
0x00007FFC9F552B42 (UnityPlayer) UnityMain
0x00007FFC9F552C0E (UnityPlayer) UnityMain
0x00007FFC9F57C115 (UnityPlayer) UnityMain
0x00007FFC9F53BE10 (UnityPlayer) UnityMain
0x00007FFC9F53B4B6 (UnityPlayer) UnityMain
0x00007FFC9F53B775 (UnityPlayer) UnityMain
0x00007FFC9F591C7D (UnityPlayer) UnityMain
0x00007FFC9F5920FC (UnityPlayer) UnityMain
0x00007FFC9F41180F (UnityPlayer) UnityMain
0x00007FFC9F4134BE (UnityPlayer) UnityMain
0x00007FFC9F411E73 (UnityPlayer) UnityMain
0x00007FFC9F414478 (UnityPlayer) UnityMain
0x00007FFC9F41470E (UnityPlayer) UnityMain
0x00007FFC9F1DACE6 (UnityPlayer) 
0x00007FFC9F1D9AAA (UnityPlayer) 
0x00007FFC9F1DDC9D (UnityPlayer) 
0x00007FFC9F1DED7B (UnityPlayer) UnityMain
0x00007FF7780011F2 (SandBox3D) 
0x00007FFD0C167034 (KERNEL32) BaseThreadInitThunk
0x00007FFD0CB5CEC1 (ntdll) RtlUserThreadStart
 
(Filename: C:\buildslave\unity\build\Runtime/Export/Debug/Debug.bindings.h Line: 35)

System.IO.FileNotFoundException: Unable to find the specified file.
  at Assets.StorageSystem.Storage.LoadData[T] (System.String path) [0x00008] in <c10293a952654941ab1d7e33d0652f03>:0 
  at Assets.Scripts.SettingsManager.TryLoadSettings () [0x0001d] in <c10293a952654941ab1d7e33d0652f03>:0 
0x00007FFC9F1B530C (UnityPlayer) 
0x00007FFC9F1B8613 (UnityPlayer) 
0x00007FFC9F1A5CED (UnityPlayer) 
0x00007FFC9FAED214 (UnityPlayer) UnityMain
0x00007FFC9F5B089D (UnityPlayer) UnityMain
0x0000025DC54A214E (Mono JIT Code) (wrapper managed-to-native) UnityEngine.DebugLogHandler:Internal_Log (UnityEngine.LogType,UnityEngine.LogOption,string,UnityEngine.Object)
0x0000025DC54A1E0B (Mono JIT Code) UnityEngine.DebugLogHandler:LogFormat (UnityEngine.LogType,UnityEngine.Object,string,object[])
0x0000025DC54A1AD0 (Mono JIT Code) UnityEngine.Logger:Log (UnityEngine.LogType,object)
0x0000025DC54A2225 (Mono JIT Code) UnityEngine.Debug:LogError (object)
0x0000025DC549FEEB (Mono JIT Code) Assets.Scripts.SettingsManager:TryLoadSettings ()
0x0000025DC549FD43 (Mono JIT Code) Assets.Scripts.SettingsManager:Awake ()
0x0000025DA50207B0 (Mono JIT Code) (wrapper runtime-invoke) object:runtime_invoke_void__this__ (object,intptr,intptr,intptr)
0x00007FFC9E3DDB10 (mono-2.0-bdwgc) mono_get_runtime_build_info
0x00007FFC9E362902 (mono-2.0-bdwgc) mono_perfcounters_init
0x00007FFC9E36B95F (mono-2.0-bdwgc) mono_runtime_invoke
0x00007FFC9F5557AD (UnityPlayer) UnityMain
0x00007FFC9F552B42 (UnityPlayer) UnityMain
0x00007FFC9F552C0E (UnityPlayer) UnityMain
0x00007FFC9F57C115 (UnityPlayer) UnityMain
0x00007FFC9F53BE10 (UnityPlayer) UnityMain
0x00007FFC9F53B4B6 (UnityPlayer) UnityMain
0x00007FFC9F53B775 (UnityPlayer) UnityMain
0x00007FFC9F591C7D (UnityPlayer) UnityMain
0x00007FFC9F5920FC (UnityPlayer) UnityMain
0x00007FFC9F41180F (UnityPlayer) UnityMain
0x00007FFC9F4134BE (UnityPlayer) UnityMain
0x00007FFC9F411E73 (UnityPlayer) UnityMain
0x00007FFC9F414478 (UnityPlayer) UnityMain
0x00007FFC9F41470E (UnityPlayer) UnityMain
0x00007FFC9F1DACE6 (UnityPlayer) 
0x00007FFC9F1D9AAA (UnityPlayer) 
0x00007FFC9F1DDC9D (UnityPlayer) 
0x00007FFC9F1DED7B (UnityPlayer) UnityMain
0x00007FF7780011F2 (SandBox3D) 
0x00007FFD0C167034 (KERNEL32) BaseThreadInitThunk
0x00007FFD0CB5CEC1 (ntdll) RtlUserThreadStart
 
(Filename: C:\buildslave\unity\build\Runtime/Export/Debug/Debug.bindings.h Line: 35)

FileNotFoundException: Unable to find the specified file.
  at Assets.StorageSystem.Storage.LoadData[T] (System.String path) [0x00008] in <c10293a952654941ab1d7e33d0652f03>:0 
  at Assets.Scripts.SettingsManager.TryLoadSettings () [0x0004d] in <c10293a952654941ab1d7e33d0652f03>:0 
  at Assets.Scripts.SettingsManager.Awake () [0x00011] in <c10293a952654941ab1d7e33d0652f03>:0 
 
(Filename: <c10293a952654941ab1d7e33d0652f03> Line: 0)

StatesMachine: Switch to IdleState
0x00007FFC9F1B530C (UnityPlayer) 
0x00007FFC9F1B8613 (UnityPlayer) 
0x00007FFC9F1A5CED (UnityPlayer) 
0x00007FFC9FAED214 (UnityPlayer) UnityMain
0x00007FFC9F5B089D (UnityPlayer) UnityMain
0x0000025DC54A214E (Mono JIT Code) (wrapper managed-to-native) UnityEngine.DebugLogHandler:Internal_Log (UnityEngine.LogType,UnityEngine.LogOption,string,UnityEngine.Object)
0x0000025DC54A1E0B (Mono JIT Code) UnityEngine.DebugLogHandler:LogFormat (UnityEngine.LogType,UnityEngine.Object,string,object[])
0x0000025DC54A1AD0 (Mono JIT Code) UnityEngine.Logger:Log (UnityEngine.LogType,object)
0x0000025DC54A17FA (Mono JIT Code) UnityEngine.Debug:Log (object)
0x0000025DC54AEC63 (Mono JIT Code) Assets.FSM.StatesMachine:SwitchTo (Assets.FSM.State)
0x0000025DC54AEB63 (Mono JIT Code) Assets.FSM.StatesMachine:.ctor (Assets.FSM.State)
0x0000025DC54AE9A3 (Mono JIT Code) Assets.Scripts.PlayerStatesManager:Awake ()
0x0000025DA50207B0 (Mono JIT Code) (wrapper runtime-invoke) object:runtime_invoke_void__this__ (object,intptr,intptr,intptr)
0x00007FFC9E3DDB10 (mono-2.0-bdwgc) mono_get_runtime_build_info
0x00007FFC9E362902 (mono-2.0-bdwgc) mono_perfcounters_init
0x00007FFC9E36B95F (mono-2.0-bdwgc) mono_runtime_invoke
0x00007FFC9F5557AD (UnityPlayer) UnityMain
0x00007FFC9F552B42 (UnityPlayer) UnityMain
0x00007FFC9F552C0E (UnityPlayer) UnityMain
0x00007FFC9F57C115 (UnityPlayer) UnityMain
0x00007FFC9F53BE10 (UnityPlayer) UnityMain
0x00007FFC9F53B4B6 (UnityPlayer) UnityMain
0x00007FFC9F53B775 (UnityPlayer) UnityMain
0x00007FFC9F591C7D (UnityPlayer) UnityMain
0x00007FFC9F5920FC (UnityPlayer) UnityMain
0x00007FFC9F41180F (UnityPlayer) UnityMain
0x00007FFC9F4134BE (UnityPlayer) UnityMain
0x00007FFC9F411E73 (UnityPlayer) UnityMain
0x00007FFC9F414478 (UnityPlayer) UnityMain
0x00007FFC9F41470E (UnityPlayer) UnityMain
0x00007FFC9F1DACE6 (UnityPlayer) 
0x00007FFC9F1D9AAA (UnityPlayer) 
0x00007FFC9F1DDC9D (UnityPlayer) 
0x00007FFC9F1DED7B (UnityPlayer) UnityMain
0x00007FF7780011F2 (SandBox3D) 
0x00007FFD0C167034 (KERNEL32) BaseThreadInitThunk
0x00007FFD0CB5CEC1 (ntdll) RtlUserThreadStart
 
(Filename: C:\buildslave\unity\build\Runtime/Export/Debug/Debug.bindings.h Line: 35)

PlatformNotSupportedException: Operation is not supported on this platform.
  at Newtonsoft.Json.Utilities.DynamicReflectionDelegateFactory.CreateDynamicMethod (System.String name, System.Type returnType, System.Type[] parameterTypes, System.Type owner) [0x00018] in <97722d3abc9f4cf69f9e21e6770081b3>:0 
  at Newtonsoft.Json.Utilities.DynamicReflectionDelegateFactory.CreateDefaultConstructor[T] (System.Type type) [0x00010] in <97722d3abc9f4cf69f9e21e6770081b3>:0 
  at Newtonsoft.Json.Serialization.DefaultContractResolver.GetDefaultCreator (System.Type createdType) [0x00005] in <97722d3abc9f4cf69f9e21e6770081b3>:0 
  at Newtonsoft.Json.Serialization.DefaultContractResolver.InitializeContract (Newtonsoft.Json.Serialization.JsonContract contract) [0x00093] in <97722d3abc9f4cf69f9e21e6770081b3>:0 
  at Newtonsoft.Json.Serialization.DefaultContractResolver.CreateObjectContract (System.Type objectType) [0x00007] in <97722d3abc9f4cf69f9e21e6770081b3>:0 
  at Newtonsoft.Json.Serialization.DefaultContractResolver.CreateContract (System.Type objectType) [0x000e1] in <97722d3abc9f4cf69f9e21e6770081b3>:0 
  at Newtonsoft.Json.Serialization.DefaultContractResolver.ResolveContract (System.Type type) [0x00038] in <97722d3abc9f4cf69f9e21e6770081b3>:0 
  at Newtonsoft.Json.Serialization.JsonSerializerInternalReader.GetContractSafe (System.Type type) [0x00005] in <97722d3abc9f4cf69f9e21e6770081b3>:0 
  at Newtonsoft.Json.Serialization.JsonSerializerInternalReader.Deserialize (Newtonsoft.Json.JsonReader reader, System.Type objectType, System.Boolean checkAdditionalContent) [0x0000e] in <97722d3abc9f4cf69f9e21e6770081b3>:0 
  at Newtonsoft.Json.JsonSerializer.DeserializeInternal (Newtonsoft.Json.JsonReader reader, System.Type objectType) [0x00053] in <97722d3abc9f4cf69f9e21e6770081b3>:0 
  at Newtonsoft.Json.JsonSerializer.Deserialize (Newtonsoft.Json.JsonReader reader, System.Type objectType) [0x00000] in <97722d3abc9f4cf69f9e21e6770081b3>:0 
  at Newtonsoft.Json.JsonConvert.DeserializeObject (System.String value, System.Type type, Newtonsoft.Json.JsonSerializerSettings settings) [0x0002d] in <97722d3abc9f4cf69f9e21e6770081b3>:0 
  at Newtonsoft.Json.JsonConvert.DeserializeObject[T] (System.String value, Newtonsoft.Json.JsonSerializerSettings settings) [0x00000] in <97722d3abc9f4cf69f9e21e6770081b3>:0 
  at Newtonsoft.Json.JsonConvert.DeserializeObject[T] (System.String value) [0x00000] in <97722d3abc9f4cf69f9e21e6770081b3>:0 
  at Assets.Serializer.Deserializer.DeserializeJson[T] (System.String obj) [0x00000] in <c10293a952654941ab1d7e33d0652f03>:0 
  at Assets.StorageSystem.Storage.LoadData[T] (System.String path) [0x0001b] in <c10293a952654941ab1d7e33d0652f03>:0 
  at Assets.StorageSystem.StorageProviders.ResourcePackStorageProvider.TryLoadResourcePack (Assets.Scripts.Data_Models.ResourcePack& result) [0x00000] in <c10293a952654941ab1d7e33d0652f03>:0 
  at Assets.StorageSystem.StorageProviders.ResourcePackStorageProvider.LoadResourcePack () [0x00000] in <c10293a952654941ab1d7e33d0652f03>:0 
  at Assets.WorldGeneration.BlockInstanceManager.Start () [0x00006] in <c10293a952654941ab1d7e33d0652f03>:0 
 
(Filename: <97722d3abc9f4cf69f9e21e6770081b3> Line: 0)

PlatformNotSupportedException: Operation is not supported on this platform.
  at Newtonsoft.Json.Utilities.DynamicReflectionDelegateFactory.CreateDynamicMethod (System.String name, System.Type returnType, System.Type[] parameterTypes, System.Type owner) [0x00018] in <97722d3abc9f4cf69f9e21e6770081b3>:0 
  at Newtonsoft.Json.Utilities.DynamicReflectionDelegateFactory.CreateDefaultConstructor[T] (System.Type type) [0x00010] in <97722d3abc9f4cf69f9e21e6770081b3>:0 
  at Newtonsoft.Json.Serialization.DefaultContractResolver.GetDefaultCreator (System.Type createdType) [0x00005] in <97722d3abc9f4cf69f9e21e6770081b3>:0 
  at Newtonsoft.Json.Serialization.DefaultContractResolver.InitializeContract (Newtonsoft.Json.Serialization.JsonContract contract) [0x00093] in <97722d3abc9f4cf69f9e21e6770081b3>:0 
  at Newtonsoft.Json.Serialization.DefaultContractResolver.CreateObjectContract (System.Type objectType) [0x00007] in <97722d3abc9f4cf69f9e21e6770081b3>:0 
  at Newtonsoft.Json.Serialization.DefaultContractResolver.CreateContract (System.Type objectType) [0x000e1] in <97722d3abc9f4cf69f9e21e6770081b3>:0 
  at Newtonsoft.Json.Serialization.DefaultContractResolver.ResolveContract (System.Type type) [0x00038] in <97722d3abc9f4cf69f9e21e6770081b3>:0 
  at Newtonsoft.Json.Serialization.JsonSerializerInternalReader.GetContractSafe (System.Type type) [0x00005] in <97722d3abc9f4cf69f9e21e6770081b3>:0 
  at Newtonsoft.Json.Serialization.JsonSerializerInternalReader.Deserialize (Newtonsoft.Json.JsonReader reader, System.Type objectType, System.Boolean checkAdditionalContent) [0x0000e] in <97722d3abc9f4cf69f9e21e6770081b3>:0 
  at Newtonsoft.Json.JsonSerializer.DeserializeInternal (Newtonsoft.Json.JsonReader reader, System.Type objectType) [0x00053] in <97722d3abc9f4cf69f9e21e6770081b3>:0 
  at Newtonsoft.Json.JsonSerializer.Deserialize (Newtonsoft.Json.JsonReader reader, System.Type objectType) [0x00000] in <97722d3abc9f4cf69f9e21e6770081b3>:0 
  at Newtonsoft.Json.JsonConvert.DeserializeObject (System.String value, System.Type type, Newtonsoft.Json.JsonSerializerSettings settings) [0x0002d] in <97722d3abc9f4cf69f9e21e6770081b3>:0 
  at Newtonsoft.Json.JsonConvert.DeserializeObject[T] (System.String value, Newtonsoft.Json.JsonSerializerSettings settings) [0x00000] in <97722d3abc9f4cf69f9e21e6770081b3>:0 
  at Newtonsoft.Json.JsonConvert.DeserializeObject[T] (System.String value) [0x00000] in <97722d3abc9f4cf69f9e21e6770081b3>:0 
  at Assets.Serializer.Deserializer.DeserializeJson[T] (System.String obj) [0x00000] in <c10293a952654941ab1d7e33d0652f03>:0 
  at Assets.StorageSystem.Storage.LoadData[T] (System.String path) [0x0001b] in <c10293a952654941ab1d7e33d0652f03>:0 
  at Assets.StorageSystem.StorageProviders.ResourcePackStorageProvider.TryLoadResourcePack (Assets.Scripts.Data_Models.ResourcePack& result) [0x00000] in <c10293a952654941ab1d7e33d0652f03>:0 
  at Assets.StorageSystem.StorageProviders.ResourcePackStorageProvider.LoadResourcePack () [0x00000] in <c10293a952654941ab1d7e33d0652f03>:0 
  at Assets.Scripts.ItemSpawner.Start () [0x0000c] in <c10293a952654941ab1d7e33d0652f03>:0 
 
(Filename: <97722d3abc9f4cf69f9e21e6770081b3> Line: 0)

NullReferenceException: Object reference not set to an instance of an object
  at Assets.WorldGeneration.BlockInstanceManager.CreateBlockIfPossible (Assets.Scripts.DTO.BlockDto blockDto) [0x00020] in <c10293a952654941ab1d7e33d0652f03>:0 
  at Assets.WorldGeneration.BlockInstanceManager+<GenerateWorldCoroutine>d__21.MoveNext () [0x00068] in <c10293a952654941ab1d7e33d0652f03>:0 
  at UnityEngine.SetupCoroutine.InvokeMoveNext (System.Collections.IEnumerator enumerator, System.IntPtr returnValueAddress) [0x00026] in <3ac3dbd51ef54d21b292197d69eb77cb>:0 
UnityEngine.MonoBehaviour:StartCoroutineManaged2(IEnumerator)
UnityEngine.MonoBehaviour:StartCoroutine(IEnumerator)
Assets.WorldGeneration.BlockInstanceManager:GenerateWorld(IWorldGenerator)
Assets.Scripts.UI.WorldLoadingController:LoadWorld(WorldGenerationType)
Assets.Scripts.UI.Handlers.MenuHandler:CreateWorldCallbackHandler(CreateWorldEvents)
Assets.Scripts.UI.CreateWorldController:CreateCallback()
UnityEngine.Events.InvokableCall:Invoke()
UnityEngine.Events.UnityEvent:Invoke()
UnityEngine.UI.Button:Press()
UnityEngine.UI.Button:OnPointerClick(PointerEventData)
UnityEngine.EventSystems.ExecuteEvents:Execute(IPointerClickHandler, BaseEventData)
UnityEngine.EventSystems.ExecuteEvents:Execute(GameObject, BaseEventData, EventFunction`1)
UnityEngine.EventSystems.StandaloneInputModule:ReleaseMouse(PointerEventData, GameObject)
UnityEngine.EventSystems.StandaloneInputModule:ProcessMousePress(MouseButtonEventData)
UnityEngine.EventSystems.StandaloneInputModule:ProcessMouseEvent(Int32)
UnityEngine.EventSystems.StandaloneInputModule:ProcessMouseEvent()
UnityEngine.EventSystems.StandaloneInputModule:Process()
UnityEngine.EventSystems.EventSystem:Update()
 
(Filename: <c10293a952654941ab1d7e33d0652f03> Line: 0)

Setting up 2 worker threads for Enlighten.
  Thread -> id: 48d0 -> priority: 1 
  Thread -> id: 2950 -> priority: 1 
